0 info it worked if it ends with ok
1 verbose cli [ 'C:\\Program Files\\nodejs\\node.exe',
1 verbose cli   'C:\\Program Files\\nodejs\\node_modules\\npm\\bin\\npm-cli.js',
1 verbose cli   'install',
1 verbose cli   '--save',
1 verbose cli   'angular-route@1.6.1' ]
2 info using npm@3.10.3
3 info using node@v6.3.1
4 silly loadCurrentTree Starting
5 silly install loadCurrentTree
6 silly install readLocalPackageData
7 silly fetchPackageMetaData angular-route@1.6.1
8 silly fetchNamedPackageData angular-route
9 silly mapToRegistry name angular-route
10 silly mapToRegistry using default registry
11 silly mapToRegistry registry http://registry.npmjs.org/
12 silly mapToRegistry data Result {
12 silly mapToRegistry   raw: 'angular-route',
12 silly mapToRegistry   scope: null,
12 silly mapToRegistry   escapedName: 'angular-route',
12 silly mapToRegistry   name: 'angular-route',
12 silly mapToRegistry   rawSpec: '',
12 silly mapToRegistry   spec: 'latest',
12 silly mapToRegistry   type: 'tag' }
13 silly mapToRegistry uri http://registry.npmjs.org/angular-route
14 verbose request uri http://registry.npmjs.org/angular-route
15 verbose request no auth needed
16 info attempt registry request try #1 at 7:27:47 PM
17 verbose request id f42585d83ac1ac38
18 http request GET http://registry.npmjs.org/angular-route
19 info retry will retry, error on last attempt: Error: getaddrinfo ENOTFOUND indblrb06intpxy02.ad.infosys.com indblrb06intpxy02.ad.infosys.com:80
20 info attempt registry request try #2 at 7:27:57 PM
21 http request GET http://registry.npmjs.org/angular-route
22 info retry will retry, error on last attempt: Error: getaddrinfo ENOTFOUND indblrb06intpxy02.ad.infosys.com indblrb06intpxy02.ad.infosys.com:80
23 info attempt registry request try #3 at 7:28:57 PM
24 http request GET http://registry.npmjs.org/angular-route
25 silly fetchPackageMetaData Error: getaddrinfo ENOTFOUND indblrb06intpxy02.ad.infosys.com indblrb06intpxy02.ad.infosys.com:80
25 silly fetchPackageMetaData     at errnoException (dns.js:28:10)
25 silly fetchPackageMetaData     at GetAddrInfoReqWrap.onlookup [as oncomplete] (dns.js:79:26)
25 silly fetchPackageMetaData  error for angular-route@1.6.1 { Error: getaddrinfo ENOTFOUND indblrb06intpxy02.ad.infosys.com indblrb06intpxy02.ad.infosys.com:80
25 silly fetchPackageMetaData     at errnoException (dns.js:28:10)
25 silly fetchPackageMetaData     at GetAddrInfoReqWrap.onlookup [as oncomplete] (dns.js:79:26)
25 silly fetchPackageMetaData   code: 'ENOTFOUND',
25 silly fetchPackageMetaData   errno: 'ENOTFOUND',
25 silly fetchPackageMetaData   syscall: 'getaddrinfo',
25 silly fetchPackageMetaData   hostname: 'indblrb06intpxy02.ad.infosys.com',
25 silly fetchPackageMetaData   host: 'indblrb06intpxy02.ad.infosys.com',
25 silly fetchPackageMetaData   port: '80' }
26 silly rollbackFailedOptional Starting
27 silly rollbackFailedOptional Finishing
28 silly runTopLevelLifecycles Starting
29 silly runTopLevelLifecycles Finishing
30 silly install printInstalled
31 verbose stack Error: getaddrinfo ENOTFOUND indblrb06intpxy02.ad.infosys.com indblrb06intpxy02.ad.infosys.com:80
31 verbose stack     at errnoException (dns.js:28:10)
31 verbose stack     at GetAddrInfoReqWrap.onlookup [as oncomplete] (dns.js:79:26)
32 verbose cwd D:\Malai\misc\Mark\login
33 error Windows_NT 10.0.10586
34 error argv "C:\\Program Files\\nodejs\\node.exe" "C:\\Program Files\\nodejs\\node_modules\\npm\\bin\\npm-cli.js" "install" "--save" "angular-route@1.6.1"
35 error node v6.3.1
36 error npm  v3.10.3
37 error code ENOTFOUND
38 error errno ENOTFOUND
39 error syscall getaddrinfo
40 error network getaddrinfo ENOTFOUND indblrb06intpxy02.ad.infosys.com indblrb06intpxy02.ad.infosys.com:80
41 error network This is most likely not a problem with npm itself
41 error network and is related to network connectivity.
41 error network In most cases you are behind a proxy or have bad network settings.
41 error network
41 error network If you are behind a proxy, please make sure that the
41 error network 'proxy' config is set properly.  See: 'npm help config'
42 verbose exit [ 1, true ]
